Flow report for iot_shield_demo
Fri Nov 07 15:46:03 2014
Quartus II 64-Bit Version 14.0.0 Build 200 06/17/2014 SJ Full Version


---------------------
; Table of Contents ;
---------------------
  1. Legal Notice
  2. Flow Summary
  3. Flow Settings
  4. Flow Non-Default Global Settings
  5. Flow Elapsed Time
  6. Flow OS Summary
  7. Flow Log
  8. Flow Messages
  9. Flow Suppressed Messages



----------------
; Legal Notice ;
----------------
Copyright (C) 1991-2014 Altera Corporation. All rights reserved.
Your use of Altera Corporation's design tools, logic functions 
and other software and tools, and its AMPP partner logic 
functions, and any output files from any of the foregoing 
(including device programming or simulation files), and any 
associated documentation or information are expressly subject 
to the terms and conditions of the Altera Program License 
Subscription Agreement, the Altera Quartus II License Agreement,
the Altera MegaCore Function License Agreement, or other 
applicable license agreement, including, without limitation, 
that your use is for the sole purpose of programming logic 
devices manufactured by Altera and sold by Altera or its 
authorized distributors.  Please refer to the applicable 
agreement for further details.



+----------------------------------------------------------------------------------+
; Flow Summary                                                                     ;
+------------------------------------+---------------------------------------------+
; Flow Status                        ; Successful - Fri Nov 07 15:45:52 2014       ;
; Quartus II 64-Bit Version          ; 14.0.0 Build 200 06/17/2014 SJ Full Version ;
; Revision Name                      ; iot_shield_demo                             ;
; Top-level Entity Name              ; iot_shield_demo                             ;
; Family                             ; Cyclone IV GX                               ;
; Device                             ; EP4CGX30CF23C7                              ;
; Timing Models                      ; Final                                       ;
; Total logic elements               ; 6,661 / 29,440 ( 23 % )                     ;
;     Total combinational functions  ; 5,522 / 29,440 ( 19 % )                     ;
;     Dedicated logic registers      ; 4,372 / 29,440 ( 15 % )                     ;
; Total registers                    ; 4372                                        ;
; Total pins                         ; 200 / 307 ( 65 % )                          ;
; Total virtual pins                 ; 0                                           ;
; Total memory bits                  ; 30,304 / 1,105,920 ( 3 % )                  ;
; Embedded Multiplier 9-bit elements ; 0 / 160 ( 0 % )                             ;
; Total GXB Receiver Channel PCS     ; 1 / 4 ( 25 % )                              ;
; Total GXB Receiver Channel PMA     ; 1 / 4 ( 25 % )                              ;
; Total GXB Transmitter Channel PCS  ; 1 / 4 ( 25 % )                              ;
; Total GXB Transmitter Channel PMA  ; 1 / 4 ( 25 % )                              ;
; Total PLLs                         ; 2 / 6 ( 33 % )                              ;
+------------------------------------+---------------------------------------------+


+-----------------------------------------+
; Flow Settings                           ;
+-------------------+---------------------+
; Option            ; Setting             ;
+-------------------+---------------------+
; Start date & time ; 11/07/2014 15:44:43 ;
; Main task         ; Compilation         ;
; Revision Name     ; iot_shield_demo     ;
+-------------------+---------------------+


+------------------------------------------------------------------------------------------------------------------------+
; Flow Non-Default Global Settings                                                                                       ;
+-------------------------------------+---------------------------------------+---------------+-------------+------------+
; Assignment Name                     ; Value                                 ; Default Value ; Entity Name ; Section Id ;
+-------------------------------------+---------------------------------------+---------------+-------------+------------+
; COMPILER_SIGNATURE_ID               ; 24062491136.141540388307868           ; --            ; --          ; --         ;
; IP_TOOL_NAME                        ; ALTPLL                                ; --            ; --          ; --         ;
; IP_TOOL_VERSION                     ; 12.1                                  ; --            ; --          ; --         ;
; MAX_CORE_JUNCTION_TEMP              ; 85                                    ; --            ; --          ; --         ;
; MIN_CORE_JUNCTION_TEMP              ; 0                                     ; --            ; --          ; --         ;
; MISC_FILE                           ; pll_100_to_125_50_bb.v                ; --            ; --          ; --         ;
; MISC_FILE                           ; pll_100_to_125_50.ppf                 ; --            ; --          ; --         ;
; PARTITION_COLOR                     ; 16764057                              ; --            ; --          ; Top        ;
; PARTITION_FITTER_PRESERVATION_LEVEL ; PLACEMENT_AND_ROUTING                 ; --            ; --          ; Top        ;
; PARTITION_NETLIST_TYPE              ; SOURCE                                ; --            ; --          ; Top        ;
; POWER_BOARD_THERMAL_MODEL           ; None (CONSERVATIVE)                   ; --            ; --          ; --         ;
; POWER_PRESET_COOLING_SOLUTION       ; 23 MM HEAT SINK WITH 200 LFPM AIRFLOW ; --            ; --          ; --         ;
+-------------------------------------+---------------------------------------+---------------+-------------+------------+


+-------------------------------------------------------------------------------------------------------------------------------+
; Flow Elapsed Time                                                                                                             ;
+---------------------------+--------------+-------------------------+---------------------+------------------------------------+
; Module Name               ; Elapsed Time ; Average Processors Used ; Peak Virtual Memory ; Total CPU Time (on all processors) ;
+---------------------------+--------------+-------------------------+---------------------+------------------------------------+
; Analysis & Synthesis      ; 00:00:10     ; 1.0                     ; 671 MB              ; 00:00:10                           ;
; Fitter                    ; 00:00:45     ; 1.3                     ; 1369 MB             ; 00:00:54                           ;
; Assembler                 ; 00:00:06     ; 1.0                     ; 581 MB              ; 00:00:06                           ;
; TimeQuest Timing Analyzer ; 00:00:09     ; 1.4                     ; 751 MB              ; 00:00:10                           ;
; Total                     ; 00:01:10     ; --                      ; --                  ; 00:01:20                           ;
+---------------------------+--------------+-------------------------+---------------------+------------------------------------+


+----------------------------------------------------------------------------------------+
; Flow OS Summary                                                                        ;
+---------------------------+------------------+-----------+------------+----------------+
; Module Name               ; Machine Hostname ; OS Name   ; OS Version ; Processor type ;
+---------------------------+------------------+-----------+------------+----------------+
; Analysis & Synthesis      ; MJSTANIS-MOBL    ; Windows 7 ; 6.1        ; x86_64         ;
; Fitter                    ; MJSTANIS-MOBL    ; Windows 7 ; 6.1        ; x86_64         ;
; Assembler                 ; MJSTANIS-MOBL    ; Windows 7 ; 6.1        ; x86_64         ;
; TimeQuest Timing Analyzer ; MJSTANIS-MOBL    ; Windows 7 ; 6.1        ; x86_64         ;
+---------------------------+------------------+-----------+------------+----------------+


------------
; Flow Log ;
------------
quartus_map --read_settings_files=on --write_settings_files=off iot_shield_demo -c iot_shield_demo
quartus_fit --read_settings_files=off --write_settings_files=off iot_shield_demo -c iot_shield_demo
quartus_asm --read_settings_files=off --write_settings_files=off iot_shield_demo -c iot_shield_demo
quartus_sta iot_shield_demo -c iot_shield_demo



